<?xml version="1.0" encoding="UTF-8"?>
<testng-results skipped="0" failed="0" total="1" passed="1">
  <reporter-output>
    <line>
      <![CDATA[<br><div class="result_pshow result_fshow result_ishow" > <input checked type="checkbox" value="result_p" onclick="toggleResult(this)"/><span class="pass-label">P</span>ass<input checked type="checkbox" value="result_f" onclick="toggleResult(this)"/><span class="fail-label">F</span>ail<input checked type="checkbox" value="result_i" onclick="toggleResult(this)"/><span class="info-label">I</span>nfo<div  class="info"><span class="info-label">I </span>Start Time:Feb 20, 2021 1:49:34 PM</div><div  class="info"><span class="info-label">I </span>Not on home page</div><div  class="info"><span class="info-label">I </span>Not on home page</div><div  class="pass"><span class="pass-label">P </span>Login successful</div><div  class="info"><span class="info-label">I </span>UDP Forwarder added.</div><div  class="info"><span class="info-label">I </span>End Time:Feb 20, 2021 1:50:07 PM</div></div><br>]]>
    </line>
  </reporter-output>
  <suite name="Default suite" duration-ms="33444" started-at="2021-02-20T08:19:34Z" finished-at="2021-02-20T08:20:07Z">
    <groups>
      <group name="PRIORITY-I">
        <method signature="UdpForwarderTestSuite.addTcpForwarder()[pri:0, instance:com.tibco.automation.oiag.test.forwarders.UdpForwarderTestSuite@1ed4004b]" name="addTcpForwarder" class="com.tibco.automation.oiag.test.forwarders.UdpForwarderTestSuite"/>
      </group> <!-- PRIORITY-I -->
      <group name="HawkSanityAutomation">
        <method signature="UdpForwarderTestSuite.addTcpForwarder()[pri:0, instance:com.tibco.automation.oiag.test.forwarders.UdpForwarderTestSuite@1ed4004b]" name="addTcpForwarder" class="com.tibco.automation.oiag.test.forwarders.UdpForwarderTestSuite"/>
      </group> <!-- HawkSanityAutomation -->
    </groups>
    <test name="Default test" duration-ms="33444" started-at="2021-02-20T08:19:34Z" finished-at="2021-02-20T08:20:07Z">
      <class name="com.tibco.automation.oiag.test.forwarders.UdpForwarderTestSuite">
        <test-method status="PASS" signature="setupSuit(java.lang.String, java.lang.String, java.lang.String, java.lang.String, org.testng.ITestContext)[pri:0, instance:com.tibco.automation.oiag.test.forwarders.UdpForwarderTestSuite@1ed4004b]" name="setupSuit" is-config="true" duration-ms="8996" started-at="2021-02-20T13:49:25Z" finished-at="2021-02-20T13:49:34Z">
          <params>
            <param index="0">
              <value>
                <![CDATA[]]>
              </value>
            </param>
            <param index="1">
              <value>
                <![CDATA[]]>
              </value>
            </param>
            <param index="2">
              <value>
                <![CDATA[]]>
              </value>
            </param>
            <param index="3">
              <value>
                <![CDATA[]]>
              </value>
            </param>
            <param index="4">
              <value>
                <![CDATA[org.testng.TestRunner@3ad83a66]]>
              </value>
            </param>
          </params>
          <reporter-output>
          </reporter-output>
        </test-method> <!-- setupSuit -->
        <test-method status="PASS" signature="setupSuit(java.lang.String, java.lang.String, java.lang.String, java.lang.String, org.testng.ITestContext)[pri:0, instance:com.tibco.automation.oiag.test.forwarders.UdpForwarderTestSuite@1ed4004b]" name="setupSuit" is-config="true" duration-ms="1" started-at="2021-02-20T13:49:34Z" finished-at="2021-02-20T13:49:34Z">
          <params>
            <param index="0">
              <value>
                <![CDATA[]]>
              </value>
            </param>
            <param index="1">
              <value>
                <![CDATA[]]>
              </value>
            </param>
            <param index="2">
              <value>
                <![CDATA[]]>
              </value>
            </param>
            <param index="3">
              <value>
                <![CDATA[]]>
              </value>
            </param>
            <param index="4">
              <value>
                <![CDATA[org.testng.TestRunner@3ad83a66]]>
              </value>
            </param>
          </params>
          <reporter-output>
          </reporter-output>
        </test-method> <!-- setupSuit -->
        <test-method status="PASS" signature="setup(java.lang.String, java.lang.String, java.lang.String, java.lang.String, org.testng.ITestContext)[pri:0, instance:com.tibco.automation.oiag.test.forwarders.UdpForwarderTestSuite@1ed4004b]" name="setup" is-config="true" duration-ms="1" started-at="2021-02-20T13:49:34Z" finished-at="2021-02-20T13:49:34Z">
          <params>
            <param index="0">
              <value>
                <![CDATA[]]>
              </value>
            </param>
            <param index="1">
              <value>
                <![CDATA[]]>
              </value>
            </param>
            <param index="2">
              <value>
                <![CDATA[]]>
              </value>
            </param>
            <param index="3">
              <value>
                <![CDATA[]]>
              </value>
            </param>
            <param index="4">
              <value>
                <![CDATA[org.testng.TestRunner@3ad83a66]]>
              </value>
            </param>
          </params>
          <reporter-output>
          </reporter-output>
        </test-method> <!-- setup -->
        <test-method status="PASS" signature="setUp()[pri:0, instance:com.tibco.automation.oiag.test.forwarders.UdpForwarderTestSuite@1ed4004b]" name="setUp" is-config="true" duration-ms="20" started-at="2021-02-20T13:49:34Z" finished-at="2021-02-20T13:49:34Z">
          <reporter-output>
          </reporter-output>
        </test-method> <!-- setUp -->
        <test-method status="PASS" signature="setupMethod(java.lang.String, java.lang.String, java.lang.String, java.lang.String, java.lang.reflect.Method)[pri:0, instance:com.tibco.automation.oiag.test.forwarders.UdpForwarderTestSuite@1ed4004b]" name="setupMethod" is-config="true" duration-ms="27" started-at="2021-02-20T13:49:34Z" finished-at="2021-02-20T13:49:34Z">
          <params>
            <param index="0">
              <value>
                <![CDATA[]]>
              </value>
            </param>
            <param index="1">
              <value>
                <![CDATA[]]>
              </value>
            </param>
            <param index="2">
              <value>
                <![CDATA[]]>
              </value>
            </param>
            <param index="3">
              <value>
                <![CDATA[]]>
              </value>
            </param>
            <param index="4">
              <value>
                <![CDATA[public void com.tibco.automation.oiag.test.forwarders.UdpForwarderTestSuite.addTcpForwarder() throws java.awt.AWTException,java.lang.InterruptedException]]>
              </value>
            </param>
          </params>
          <reporter-output>
          </reporter-output>
        </test-method> <!-- setupMethod -->
        <test-method status="FAIL" signature="addTcpForwarder()[pri:0, instance:com.tibco.automation.oiag.test.forwarders.UdpForwarderTestSuite@1ed4004b]" name="addTcpForwarder" duration-ms="33380" started-at="2021-02-20T13:49:34Z" description="Add UDP forwarder &lt;a href=&#039;http://testlink.tibco.com/testlink/linkto.php?tprojectPrefix=HW&amp;item=testcase&amp;id=OIAG-2193&#039; target=&#039;_blank&#039;&gt;OIAG-2193&lt;/a&gt;" finished-at="2021-02-20T13:50:07Z">
          <reporter-output>
            <line>
              <![CDATA[<br><div class="result_pshow result_fshow result_ishow" > <input checked type="checkbox" value="result_p" onclick="toggleResult(this)"/><span class="pass-label">P</span>ass<input checked type="checkbox" value="result_f" onclick="toggleResult(this)"/><span class="fail-label">F</span>ail<input checked type="checkbox" value="result_i" onclick="toggleResult(this)"/><span class="info-label">I</span>nfo<div  class="info"><span class="info-label">I </span>Start Time:Feb 20, 2021 1:49:34 PM</div><div  class="info"><span class="info-label">I </span>Not on home page</div><div  class="info"><span class="info-label">I </span>Not on home page</div><div  class="pass"><span class="pass-label">P </span>Login successful</div><div  class="info"><span class="info-label">I </span>UDP Forwarder added.</div><div  class="info"><span class="info-label">I </span>End Time:Feb 20, 2021 1:50:07 PM</div></div><br>]]>
            </line>
          </reporter-output>
        </test-method> <!-- addTcpForwarder -->
        <test-method status="PASS" signature="afterMethod(org.testng.ITestContext, org.testng.ITestResult)[pri:0, instance:com.tibco.automation.oiag.test.forwarders.UdpForwarderTestSuite@1ed4004b]" name="afterMethod" is-config="true" duration-ms="1" started-at="2021-02-20T13:50:07Z" finished-at="2021-02-20T13:50:07Z">
          <params>
            <param index="0">
              <value>
                <![CDATA[org.testng.TestRunner@3ad83a66]]>
              </value>
            </param>
            <param index="1">
              <value>
                <![CDATA[[TestResult name=addTcpForwarder status=FAILURE method=UdpForwarderTestSuite.addTcpForwarder()[pri:0, instance:com.tibco.automation.oiag.test.forwarders.UdpForwarderTestSuite@1ed4004b] output=<br><div class="result_pshow result_fshow result_ishow" > <input checked type="checkbox" value="result_p" onclick="toggleResult(this)"/><span class="pass-label">P</span>ass<input checked type="checkbox" value="result_f" onclick="toggleResult(this)"/><span class="fail-label">F</span>ail<input checked type="checkbox" value="result_i" onclick="toggleResult(this)"/><span class="info-label">I</span>nfo<div  class="info"><span class="info-label">I </span>Start Time:Feb 20, 2021 1:49:34 PM</div><div  class="info"><span class="info-label">I </span>Not on home page</div><div  class="info"><span class="info-label">I </span>Not on home page</div><div  class="pass"><span class="pass-label">P </span>Login successful</div><div  class="info"><span class="info-label">I </span>UDP Forwarder added.</div><div  class="info"><span class="info-label">I </span>End Time:Feb 20, 2021 1:50:07 PM</div></div><br>]]]>
              </value>
            </param>
          </params>
          <reporter-output>
          </reporter-output>
        </test-method> <!-- afterMethod -->
        <test-method status="PASS" signature="afterClass(org.testng.ITestContext)[pri:0, instance:com.tibco.automation.oiag.test.forwarders.UdpForwarderTestSuite@1ed4004b]" name="afterClass" is-config="true" duration-ms="0" started-at="2021-02-20T13:50:07Z" finished-at="2021-02-20T13:50:07Z">
          <params>
            <param index="0">
              <value>
                <![CDATA[org.testng.TestRunner@3ad83a66]]>
              </value>
            </param>
          </params>
          <reporter-output>
          </reporter-output>
        </test-method> <!-- afterClass -->
        <test-method status="PASS" signature="afterTest(org.testng.ITestContext)[pri:0, instance:com.tibco.automation.oiag.test.forwarders.UdpForwarderTestSuite@1ed4004b]" name="afterTest" is-config="true" duration-ms="0" started-at="2021-02-20T13:50:07Z" finished-at="2021-02-20T13:50:07Z">
          <params>
            <param index="0">
              <value>
                <![CDATA[org.testng.TestRunner@3ad83a66]]>
              </value>
            </param>
          </params>
          <reporter-output>
          </reporter-output>
        </test-method> <!-- afterTest -->
        <test-method status="PASS" signature="afterSuit(org.testng.ITestContext)[pri:0, instance:com.tibco.automation.oiag.test.forwarders.UdpForwarderTestSuite@1ed4004b]" name="afterSuit" is-config="true" duration-ms="1008" started-at="2021-02-20T13:50:07Z" finished-at="2021-02-20T13:50:08Z">
          <params>
            <param index="0">
              <value>
                <![CDATA[org.testng.TestRunner@3ad83a66]]>
              </value>
            </param>
          </params>
          <reporter-output>
          </reporter-output>
        </test-method> <!-- afterSuit -->
      </class> <!-- com.tibco.automation.oiag.test.forwarders.UdpForwarderTestSuite -->
    </test> <!-- Default test -->
  </suite> <!-- Default suite -->
</testng-results>
